2026-02-17 09:09:28,876 - data_preprocessing - ERROR - File not found: [Errno 2] No such file or directory: './data/raw/train.csv'
2026-02-17 09:11:24,026 - data_preprocessing - ERROR - No data: No columns to parse from file
2026-02-17 09:12:14,314 - data_preprocessing - DEBUG - Data loaded properly
2026-02-17 09:12:14,315 - data_preprocessing - DEBUG - Starting preprocessing for DataFrame
2026-02-17 09:12:14,317 - data_preprocessing - DEBUG - Target column encoded
2026-02-17 09:12:14,319 - data_preprocessing - DEBUG - Duplicates removed
2026-02-17 09:12:14,320 - data_preprocessing - ERROR - Error during text normalization: 
**********************************************************************
  Resource [93mpunkt_tab[0m not found.
  Please use the NLTK Downloader to obtain the resource:

  [31m>>> import nltk
  >>> nltk.download('punkt_tab')
  [0m
  For more information see: https://www.nltk.org/data.html

  Attempted to load [93mtokenizers/punkt_tab/english/[0m

  Searched in:
    - '/home/codespace/nltk_data'
    - '/usr/local/python/3.12.1/nltk_data'
    - '/usr/local/python/3.12.1/share/nltk_data'
    - '/usr/local/python/3.12.1/lib/nltk_data'
    - '/usr/share/nltk_data'
    - '/usr/local/share/nltk_data'
    - '/usr/lib/nltk_data'
    - '/usr/local/lib/nltk_data'
**********************************************************************

2026-02-17 09:12:14,320 - data_preprocessing - ERROR - Failed to complete the data transformation process: 
**********************************************************************
  Resource [93mpunkt_tab[0m not found.
  Please use the NLTK Downloader to obtain the resource:

  [31m>>> import nltk
  >>> nltk.download('punkt_tab')
  [0m
  For more information see: https://www.nltk.org/data.html

  Attempted to load [93mtokenizers/punkt_tab/english/[0m

  Searched in:
    - '/home/codespace/nltk_data'
    - '/usr/local/python/3.12.1/nltk_data'
    - '/usr/local/python/3.12.1/share/nltk_data'
    - '/usr/local/python/3.12.1/lib/nltk_data'
    - '/usr/share/nltk_data'
    - '/usr/local/share/nltk_data'
    - '/usr/lib/nltk_data'
    - '/usr/local/lib/nltk_data'
**********************************************************************

2026-02-17 09:13:56,691 - data_preprocessing - DEBUG - Data loaded properly
2026-02-17 09:13:56,691 - data_preprocessing - DEBUG - Starting preprocessing for DataFrame
2026-02-17 09:13:56,692 - data_preprocessing - DEBUG - Target column encoded
2026-02-17 09:13:56,694 - data_preprocessing - DEBUG - Duplicates removed
2026-02-17 09:14:02,508 - data_preprocessing - DEBUG - Text column transformed
2026-02-17 09:14:02,508 - data_preprocessing - DEBUG - Starting preprocessing for DataFrame
2026-02-17 09:14:02,509 - data_preprocessing - DEBUG - Target column encoded
2026-02-17 09:14:02,510 - data_preprocessing - DEBUG - Duplicates removed
2026-02-17 09:14:04,079 - data_preprocessing - DEBUG - Text column transformed
2026-02-17 09:14:04,090 - data_preprocessing - DEBUG - Processed data saved to ./data/interim
